<?xml version="1.0" encoding="UTF-8"?>
<testng-results ignored="0" total="1" passed="1" failed="0" skipped="0">
  <reporter-output>
  </reporter-output>
  <suite started-at="2025-08-16T13:30:09 EEST" name="Default suite" finished-at="2025-08-16T13:30:23 EEST" duration-ms="14770">
    <groups>
    </groups>
    <test started-at="2025-08-16T13:30:09 EEST" name="Default test" finished-at="2025-08-16T13:30:23 EEST" duration-ms="14770">
      <class name="org.qaPractice.AutomationPractice03.InitialTest">
        <test-method signature="initialTest()[pri:0, instance:org.qaPractice.AutomationPractice03.InitialTest@481a996b]" started-at="2025-08-16T13:30:09 EEST" name="initialTest" finished-at="2025-08-16T13:30:23 EEST" duration-ms="14742" status="PASS">
          <reporter-output>
          </reporter-output>
        </test-method> <!-- initialTest -->
      </class> <!-- org.qaPractice.AutomationPractice03.InitialTest -->
    </test> <!-- Default test -->
  </suite> <!-- Default suite -->
</testng-results>
